<?xml version="1.0" encoding="UTF-8"?>
<testng-results total="1" passed="0" failed="1" skipped="0">
  <reporter-output>
  </reporter-output>
  <suite started-at="2022-03-03T08:41:07Z" name="Suite" finished-at="2022-03-03T08:41:07Z" duration-ms="45">
    <groups>
    </groups>
    <test started-at="2022-03-03T08:41:07Z" name="CR27 Request Response" finished-at="2022-03-03T08:41:07Z" duration-ms="45">
      <class name="ExeURL.ExeURLClass">
        <test-method is-config="true" signature="startup()[pri:0, instance:ExeURL.ExeURLClass@4da4253]" started-at="2022-03-03T14:11:05Z" name="startup" finished-at="2022-03-03T14:11:07Z" duration-ms="2167" status="PASS">
          <reporter-output>
          </reporter-output>
        </test-method> <!-- startup -->
        <test-method signature="exeURLClass()[pri:0, instance:ExeURL.ExeURLClass@4da4253]" started-at="2022-03-03T14:11:07Z" name="exeURLClass" finished-at="2022-03-03T14:11:07Z" duration-ms="13" status="FAIL">
          <exception class="java.io.IOException">
            <message>
              <![CDATA[The system cannot find the path specified]]>
            </message>
            <full-stacktrace>
              <![CDATA[java.io.IOException: The system cannot find the path specified
	at java.base/java.io.WinNTFileSystem.createFileExclusively(Native Method)
	at java.base/java.io.File.createNewFile(File.java:1034)
	at ExeURL.ExeURLClass.read(ExeURLClass.java:43)
	at ExeURL.ExeURLClass.exeURLClass(ExeURLClass.java:34)
	at java.base/jdk.internal.reflect.NativeMethodAccessorImpl.invoke0(Native Method)
	at java.base/jdk.internal.reflect.NativeMethodAccessorImpl.invoke(NativeMethodAccessorImpl.java:78)
	at java.base/jdk.internal.reflect.DelegatingMethodAccessorImpl.invoke(DelegatingMethodAccessorImpl.java:43)
	at java.base/java.lang.reflect.Method.invoke(Method.java:567)
	at org.testng.internal.MethodInvocationHelper.invokeMethod(MethodInvocationHelper.java:84)
	at org.testng.internal.Invoker.invokeMethod(Invoker.java:714)
	at org.testng.internal.Invoker.invokeTestMethod(Invoker.java:901)
	at org.testng.internal.Invoker.invokeTestMethods(Invoker.java:1231)
	at org.testng.internal.TestMethodWorker.invokeTestMethods(TestMethodWorker.java:127)
	at org.testng.internal.TestMethodWorker.run(TestMethodWorker.java:111)
	at org.testng.TestRunner.privateRun(TestRunner.java:767)
	at org.testng.TestRunner.run(TestRunner.java:617)
	at org.testng.SuiteRunner.runTest(SuiteRunner.java:334)
	at org.testng.SuiteRunner.runSequentially(SuiteRunner.java:329)
	at org.testng.SuiteRunner.privateRun(SuiteRunner.java:291)
	at org.testng.SuiteRunner.run(SuiteRunner.java:240)
	at org.testng.SuiteRunnerWorker.runSuite(SuiteRunnerWorker.java:52)
	at org.testng.SuiteRunnerWorker.run(SuiteRunnerWorker.java:86)
	at org.testng.TestNG.runSuitesSequentially(TestNG.java:1224)
	at org.testng.TestNG.runSuitesLocally(TestNG.java:1149)
	at org.testng.TestNG.run(TestNG.java:1057)
	at org.testng.remote.AbstractRemoteTestNG.run(AbstractRemoteTestNG.java:115)
	at org.testng.remote.RemoteTestNG.initAndRun(RemoteTestNG.java:251)
	at org.testng.remote.RemoteTestNG.main(RemoteTestNG.java:77)
]]>
            </full-stacktrace>
          </exception> <!-- java.io.IOException -->
          <reporter-output>
          </reporter-output>
        </test-method> <!-- exeURLClass -->
        <test-method is-config="true" signature="end()[pri:0, instance:ExeURL.ExeURLClass@4da4253]" started-at="2022-03-03T14:11:08Z" name="end" finished-at="2022-03-03T14:11:08Z" duration-ms="191" status="PASS">
          <reporter-output>
          </reporter-output>
        </test-method> <!-- end -->
      </class> <!-- ExeURL.ExeURLClass -->
    </test> <!-- CR27 Request Response -->
  </suite> <!-- Suite -->
</testng-results>
