<?xml version="1.0" encoding="UTF-8"?>
<!-- Generated by org.testng.reporters.JUnitXMLReporter -->
<testsuite hostname="SIPL92" failures="1" tests="1" name="CR27 Request Response" time="0.045" errors="0" timestamp="3 Mar 2022 08:41:07 GMT">
  <testcase classname="ExeURL.ExeURLClass" name="exeURLClass" time="0.013">
    <failure type="java.io.IOException" message="The system cannot find the path specified">
      <![CDATA[java.io.IOException: The system cannot find the path specified
	at java.base/java.io.WinNTFileSystem.createFileExclusively(Native Method)
	at java.base/java.io.File.createNewFile(File.java:1034)
	at ExeURL.ExeURLClass.read(ExeURLClass.java:43)
	at ExeURL.ExeURLClass.exeURLClass(ExeURLClass.java:34)
... Removed 24 stack frames]]>
    </failure>
  </testcase> <!-- exeURLClass -->
</testsuite> <!-- CR27 Request Response -->
